2022-05-14 23:58:41,971 WARN naming.distro config will be removed, please use core.protocol.distro replace.

2022-05-14 23:58:41,971 WARN Using naming.distro config to replace core.distro config

2022-05-14 23:58:42,103 INFO open empty service auto clean job, initialDelay : 50000 ms, period : 30000 ms

2022-05-14 23:58:42,103 INFO listen for service meta change

2022-05-14 23:58:42,108 INFO upgrade.state file is not exist

2022-05-14 23:58:43,784 INFO [SelectorManager] Load SelectorContextBuilder(class com.alibaba.nacos.naming.selector.context.CmdbSelectorContextBuilder) contextType(CMDB) successfully.

2022-05-14 23:58:43,784 INFO [SelectorManager] Load SelectorContextBuilder(class com.alibaba.nacos.naming.selector.context.NoneSelectorContextBuilder) contextType(NONE) successfully.

2022-05-14 23:58:43,785 INFO [SelectorManager] Load Selector(class com.alibaba.nacos.naming.selector.LabelSelector) type(label) contextType(CMDB) successfully.

2022-05-14 23:58:43,785 INFO [SelectorManager] Load Selector(class com.alibaba.nacos.naming.selector.NoneSelector) type(none) contextType(NONE) successfully.

2022-05-14 23:58:45,327 INFO Load instance extension handler []

2022-05-14 23:59:09,989 INFO Client connection 172.17.0.3:8091#true connect

2022-05-14 23:59:09,996 INFO Client change for service Service{namespace='dev', group='sc-dev', name='seata-server', ephemeral=true, revision=0}, 172.17.0.3:8091#true

2022-05-14 23:59:54,379 WARN [NamingServerHttpClientManager] Start destroying HTTP-Client

2022-05-14 23:59:54,384 WARN [NamingServerHttpClientManager] Destruction of the end

2022-05-14 23:59:55,619 ERROR [HEALTH-CHECK] error while processing NIO task

java.lang.InterruptedException: null
	at java.util.concurrent.locks.AbstractQueuedSynchronizer$ConditionObject.reportInterruptAfterWait(AbstractQueuedSynchronizer.java:2014)
	at java.util.concurrent.locks.AbstractQueuedSynchronizer$ConditionObject.awaitNanos(AbstractQueuedSynchronizer.java:2088)
	at java.util.concurrent.LinkedBlockingQueue.poll(LinkedBlockingQueue.java:467)
	at com.alibaba.nacos.naming.healthcheck.TcpSuperSenseProcessor.processTask(TcpSuperSenseProcessor.java:137)
	at com.alibaba.nacos.naming.healthcheck.TcpSuperSenseProcessor.run(TcpSuperSenseProcessor.java:154)
	at java.util.concurrent.Executors$RunnableAdapter.call(Executors.java:511)
	at java.util.concurrent.FutureTask.run(FutureTask.java:266)
	at java.util.concurrent.ThreadPoolExecutor.runWorker(ThreadPoolExecutor.java:1149)
	at java.util.concurrent.ThreadPoolExecutor$Worker.run(ThreadPoolExecutor.java:624)
	at java.lang.Thread.run(Thread.java:750)
2022-05-14 23:59:55,619 ERROR [HEALTH-CHECK-V2] error while processing NIO task

java.lang.InterruptedException: null
	at java.util.concurrent.locks.AbstractQueuedSynchronizer$ConditionObject.reportInterruptAfterWait(AbstractQueuedSynchronizer.java:2014)
	at java.util.concurrent.locks.AbstractQueuedSynchronizer$ConditionObject.awaitNanos(AbstractQueuedSynchronizer.java:2088)
	at java.util.concurrent.LinkedBlockingQueue.poll(LinkedBlockingQueue.java:467)
	at com.alibaba.nacos.naming.healthcheck.v2.processor.TcpHealthCheckProcessor.processTask(TcpHealthCheckProcessor.java:122)
	at com.alibaba.nacos.naming.healthcheck.v2.processor.TcpHealthCheckProcessor.run(TcpHealthCheckProcessor.java:139)
	at java.util.concurrent.Executors$RunnableAdapter.call(Executors.java:511)
	at java.util.concurrent.FutureTask.run(FutureTask.java:266)
	at java.util.concurrent.ThreadPoolExecutor.runWorker(ThreadPoolExecutor.java:1149)
	at java.util.concurrent.ThreadPoolExecutor$Worker.run(ThreadPoolExecutor.java:624)
	at java.lang.Thread.run(Thread.java:750)
