2022-05-14 23:58:43,877 INFO Connection check task start

2022-05-14 23:58:43,888 INFO Total count =0, sdkCount=0,clusterCount=0, currentLimit=-1, toExpelCount=0

2022-05-14 23:58:43,888 INFO Check over limit for ip limit rule, over limit ip count=0

2022-05-14 23:58:43,888 INFO Out dated connection ,size=0

2022-05-14 23:58:43,888 INFO Connection check task end

2022-05-14 23:58:46,893 INFO Connection check task start

2022-05-14 23:58:46,893 INFO Total count =0, sdkCount=0,clusterCount=0, currentLimit=-1, toExpelCount=0

2022-05-14 23:58:46,893 INFO Check over limit for ip limit rule, over limit ip count=0

2022-05-14 23:58:46,893 INFO Out dated connection ,size=0

2022-05-14 23:58:46,893 INFO Connection check task end

2022-05-14 23:58:49,894 INFO Connection check task start

2022-05-14 23:58:49,894 INFO Total count =0, sdkCount=0,clusterCount=0, currentLimit=-1, toExpelCount=0

2022-05-14 23:58:49,894 INFO Check over limit for ip limit rule, over limit ip count=0

2022-05-14 23:58:49,894 INFO Out dated connection ,size=0

2022-05-14 23:58:49,894 INFO Connection check task end

2022-05-14 23:58:52,899 INFO Connection check task start

2022-05-14 23:58:52,899 INFO Total count =0, sdkCount=0,clusterCount=0, currentLimit=-1, toExpelCount=0

2022-05-14 23:58:52,899 INFO Check over limit for ip limit rule, over limit ip count=0

2022-05-14 23:58:52,899 INFO Out dated connection ,size=0

2022-05-14 23:58:52,899 INFO Connection check task end

2022-05-14 23:58:55,899 INFO Connection check task start

2022-05-14 23:58:55,900 INFO Total count =0, sdkCount=0,clusterCount=0, currentLimit=-1, toExpelCount=0

2022-05-14 23:58:55,900 INFO Check over limit for ip limit rule, over limit ip count=0

2022-05-14 23:58:55,900 INFO Out dated connection ,size=0

2022-05-14 23:58:55,900 INFO Connection check task end

2022-05-14 23:58:58,901 INFO Connection check task start

2022-05-14 23:58:58,901 INFO Total count =0, sdkCount=0,clusterCount=0, currentLimit=-1, toExpelCount=0

2022-05-14 23:58:58,901 INFO Check over limit for ip limit rule, over limit ip count=0

2022-05-14 23:58:58,901 INFO Out dated connection ,size=0

2022-05-14 23:58:58,901 INFO Connection check task end

2022-05-14 23:59:01,907 INFO Connection check task start

2022-05-14 23:59:01,907 INFO Total count =0, sdkCount=0,clusterCount=0, currentLimit=-1, toExpelCount=0

2022-05-14 23:59:01,907 INFO Check over limit for ip limit rule, over limit ip count=0

2022-05-14 23:59:01,907 INFO Out dated connection ,size=0

2022-05-14 23:59:01,907 INFO Connection check task end

2022-05-14 23:59:04,912 INFO Connection check task start

2022-05-14 23:59:04,912 INFO Total count =0, sdkCount=0,clusterCount=0, currentLimit=-1, toExpelCount=0

2022-05-14 23:59:04,913 INFO Check over limit for ip limit rule, over limit ip count=0

2022-05-14 23:59:04,913 INFO Out dated connection ,size=0

2022-05-14 23:59:04,913 INFO Connection check task end

2022-05-14 23:59:07,915 INFO Connection check task start

2022-05-14 23:59:07,915 INFO Total count =0, sdkCount=0,clusterCount=0, currentLimit=-1, toExpelCount=0

2022-05-14 23:59:07,915 INFO Check over limit for ip limit rule, over limit ip count=0

2022-05-14 23:59:07,915 INFO Out dated connection ,size=0

2022-05-14 23:59:07,915 INFO Connection check task end

2022-05-14 23:59:10,920 INFO Connection check task start

2022-05-14 23:59:10,920 INFO Total count =0, sdkCount=0,clusterCount=0, currentLimit=-1, toExpelCount=0

2022-05-14 23:59:10,920 INFO Check over limit for ip limit rule, over limit ip count=0

2022-05-14 23:59:10,920 INFO Out dated connection ,size=0

2022-05-14 23:59:10,921 INFO Connection check task end

2022-05-14 23:59:13,922 INFO Connection check task start

2022-05-14 23:59:13,922 INFO Total count =0, sdkCount=0,clusterCount=0, currentLimit=-1, toExpelCount=0

2022-05-14 23:59:13,922 INFO Check over limit for ip limit rule, over limit ip count=0

2022-05-14 23:59:13,922 INFO Out dated connection ,size=0

2022-05-14 23:59:13,922 INFO Connection check task end

2022-05-14 23:59:16,928 INFO Connection check task start

2022-05-14 23:59:16,928 INFO Total count =0, sdkCount=0,clusterCount=0, currentLimit=-1, toExpelCount=0

2022-05-14 23:59:16,928 INFO Check over limit for ip limit rule, over limit ip count=0

2022-05-14 23:59:16,928 INFO Out dated connection ,size=0

2022-05-14 23:59:16,928 INFO Connection check task end

2022-05-14 23:59:19,929 INFO Connection check task start

2022-05-14 23:59:19,930 INFO Total count =0, sdkCount=0,clusterCount=0, currentLimit=-1, toExpelCount=0

2022-05-14 23:59:19,930 INFO Check over limit for ip limit rule, over limit ip count=0

2022-05-14 23:59:19,930 INFO Out dated connection ,size=0

2022-05-14 23:59:19,930 INFO Connection check task end

2022-05-14 23:59:22,932 INFO Connection check task start

2022-05-14 23:59:22,932 INFO Total count =0, sdkCount=0,clusterCount=0, currentLimit=-1, toExpelCount=0

2022-05-14 23:59:22,932 INFO Check over limit for ip limit rule, over limit ip count=0

2022-05-14 23:59:22,933 INFO Out dated connection ,size=0

2022-05-14 23:59:22,933 INFO Connection check task end

2022-05-14 23:59:25,934 INFO Connection check task start

2022-05-14 23:59:25,934 INFO Total count =0, sdkCount=0,clusterCount=0, currentLimit=-1, toExpelCount=0

2022-05-14 23:59:25,934 INFO Check over limit for ip limit rule, over limit ip count=0

2022-05-14 23:59:25,934 INFO Out dated connection ,size=0

2022-05-14 23:59:25,934 INFO Connection check task end

2022-05-14 23:59:28,938 INFO Connection check task start

2022-05-14 23:59:28,938 INFO Total count =0, sdkCount=0,clusterCount=0, currentLimit=-1, toExpelCount=0

2022-05-14 23:59:28,938 INFO Check over limit for ip limit rule, over limit ip count=0

2022-05-14 23:59:28,938 INFO Out dated connection ,size=0

2022-05-14 23:59:28,938 INFO Connection check task end

2022-05-14 23:59:31,941 INFO Connection check task start

2022-05-14 23:59:31,941 INFO Total count =0, sdkCount=0,clusterCount=0, currentLimit=-1, toExpelCount=0

2022-05-14 23:59:31,941 INFO Check over limit for ip limit rule, over limit ip count=0

2022-05-14 23:59:31,941 INFO Out dated connection ,size=0

2022-05-14 23:59:31,942 INFO Connection check task end

2022-05-14 23:59:34,942 INFO Connection check task start

2022-05-14 23:59:34,942 INFO Total count =0, sdkCount=0,clusterCount=0, currentLimit=-1, toExpelCount=0

2022-05-14 23:59:34,943 INFO Check over limit for ip limit rule, over limit ip count=0

2022-05-14 23:59:34,943 INFO Out dated connection ,size=0

2022-05-14 23:59:34,943 INFO Connection check task end

2022-05-14 23:59:37,947 INFO Connection check task start

2022-05-14 23:59:37,947 INFO Total count =0, sdkCount=0,clusterCount=0, currentLimit=-1, toExpelCount=0

2022-05-14 23:59:37,947 INFO Check over limit for ip limit rule, over limit ip count=0

2022-05-14 23:59:37,947 INFO Out dated connection ,size=0

2022-05-14 23:59:37,947 INFO Connection check task end

2022-05-14 23:59:40,952 INFO Connection check task start

2022-05-14 23:59:40,952 INFO Total count =0, sdkCount=0,clusterCount=0, currentLimit=-1, toExpelCount=0

2022-05-14 23:59:40,952 INFO Check over limit for ip limit rule, over limit ip count=0

2022-05-14 23:59:40,952 INFO Out dated connection ,size=0

2022-05-14 23:59:40,952 INFO Connection check task end

2022-05-14 23:59:43,952 INFO Connection check task start

2022-05-14 23:59:43,953 INFO Total count =0, sdkCount=0,clusterCount=0, currentLimit=-1, toExpelCount=0

2022-05-14 23:59:43,953 INFO Check over limit for ip limit rule, over limit ip count=0

2022-05-14 23:59:43,953 INFO Out dated connection ,size=0

2022-05-14 23:59:43,953 INFO Connection check task end

2022-05-14 23:59:46,955 INFO Connection check task start

2022-05-14 23:59:46,955 INFO Total count =0, sdkCount=0,clusterCount=0, currentLimit=-1, toExpelCount=0

2022-05-14 23:59:46,955 INFO Check over limit for ip limit rule, over limit ip count=0

2022-05-14 23:59:46,955 INFO Out dated connection ,size=0

2022-05-14 23:59:46,955 INFO Connection check task end

2022-05-14 23:59:49,960 INFO Connection check task start

2022-05-14 23:59:49,960 INFO Total count =0, sdkCount=0,clusterCount=0, currentLimit=-1, toExpelCount=0

2022-05-14 23:59:49,960 INFO Check over limit for ip limit rule, over limit ip count=0

2022-05-14 23:59:49,960 INFO Out dated connection ,size=0

2022-05-14 23:59:49,960 INFO Connection check task end

2022-05-14 23:59:52,965 INFO Connection check task start

2022-05-14 23:59:52,965 INFO Total count =0, sdkCount=0,clusterCount=0, currentLimit=-1, toExpelCount=0

2022-05-14 23:59:52,965 INFO Check over limit for ip limit rule, over limit ip count=0

2022-05-14 23:59:52,965 INFO Out dated connection ,size=0

2022-05-14 23:59:52,965 INFO Connection check task end

2022-05-14 23:59:55,969 INFO Connection check task start

2022-05-14 23:59:55,969 INFO Total count =0, sdkCount=0,clusterCount=0, currentLimit=-1, toExpelCount=0

2022-05-14 23:59:55,969 INFO Check over limit for ip limit rule, over limit ip count=0

2022-05-14 23:59:55,969 INFO Out dated connection ,size=0

2022-05-14 23:59:55,969 INFO Connection check task end

