/Library/Internet Plug-Ins/JavaAppletPlugin.plugin/Contents/Home/bin/java -Djava.ext.dirs=/Library/Internet Plug-Ins/JavaAppletPlugin.plugin/Contents/Home/jre/lib/ext:/Library/Internet Plug-Ins/JavaAppletPlugin.plugin/Contents/Home/lib/ext  -Xms512m -Xmx512m -Xmn256m -Dnacos.standalone=true -Dnacos.member.list= -Xloggc:/Users/hcj/IdeaProjects/sc-dev-1/mware/nacos/logs/nacos_gc.log -verbose:gc -XX:+PrintGCDetails -XX:+PrintGCDateStamps -XX:+PrintGCTimeStamps -XX:+UseGCLogFileRotation -XX:NumberOfGCLogFiles=10 -XX:GCLogFileSize=100M -Dloader.path=/Users/hcj/IdeaProjects/sc-dev-1/mware/nacos/plugins/health,/Users/hcj/IdeaProjects/sc-dev-1/mware/nacos/plugins/cmdb,/Users/hcj/IdeaProjects/sc-dev-1/mware/nacos/plugins/selector -Dnacos.home=/Users/hcj/IdeaProjects/sc-dev-1/mware/nacos -jar /Users/hcj/IdeaProjects/sc-dev-1/mware/nacos/target/nacos-server.jar  --spring.config.additional-location=file:/Users/hcj/IdeaProjects/sc-dev-1/mware/nacos/conf/ --logging.config=/Users/hcj/IdeaProjects/sc-dev-1/mware/nacos/conf/nacos-logback.xml --server.max-http-header-size=524288

         ,--.
       ,--.'|
   ,--,:  : |                                           Nacos 2.1.0
,`--.'`|  ' :                       ,---.               Running in stand alone mode, All function modules
|   :  :  | |                      '   ,'\   .--.--.    Port: 8848
:   |   \ | :  ,--.--.     ,---.  /   /   | /  /    '   Pid: 62193
|   : '  '; | /       \   /     \.   ; ,. :|  :  /`./   Console: http://192.168.3.122:8848/nacos/index.html
'   ' ;.    ;.--.  .-. | /    / ''   | |: :|  :  ;_
|   | | \   | \__\/: . ..    ' / '   | .; : \  \    `.      https://nacos.io
'   : |  ; .' ," .--.; |'   ; :__|   :    |  `----.   \
|   | '`--'  /  /  ,.  |'   | '.'|\   \  /  /  /`--'  /
'   : |     ;  :   .'   \   :    : `----'  '--'.     /
;   |.'     |  ,     .-./\   \  /            `--'---'
'---'        `--`---'     `----'

2022-05-14 23:58:40,827 INFO Bean 'org.springframework.security.access.expression.method.DefaultMethodSecurityExpressionHandler@aec50a1' of type [org.springframework.security.access.expression.method.DefaultMethodSecurityExpressionHandler] is not eligible for getting processed by all BeanPostProcessors (for example: not eligible for auto-proxying)

2022-05-14 23:58:40,832 INFO Bean 'methodSecurityMetadataSource' of type [org.springframework.security.access.method.DelegatingMethodSecurityMetadataSource] is not eligible for getting processed by all BeanPostProcessors (for example: not eligible for auto-proxying)

2022-05-14 23:58:41,167 INFO Tomcat initialized with port(s): 8848 (http)

2022-05-14 23:58:41,574 INFO Root WebApplicationContext: initialization completed in 4048 ms

2022-05-14 23:58:45,698 INFO Initializing ExecutorService 'applicationTaskExecutor'

2022-05-14 23:58:45,829 INFO Adding welcome page: class path resource [static/index.html]

2022-05-14 23:58:46,172 INFO Creating filter chain: Ant [pattern='/**'], []

2022-05-14 23:58:46,219 INFO Creating filter chain: any request, [org.springframework.security.web.context.request.async.WebAsyncManagerIntegrationFilter@58516c91, org.springframework.security.web.context.SecurityContextPersistenceFilter@756b58a7, org.springframework.security.web.header.HeaderWriterFilter@1460c81d, org.springframework.security.web.csrf.CsrfFilter@7ea899a9, org.springframework.security.web.authentication.logout.LogoutFilter@548d5ed3, org.springframework.security.web.savedrequest.RequestCacheAwareFilter@68b58644, org.springframework.security.web.servletapi.SecurityContextHolderAwareRequestFilter@4417af13, org.springframework.security.web.authentication.AnonymousAuthenticationFilter@7c129ef6, org.springframework.security.web.session.SessionManagementFilter@327ed9f5, org.springframework.security.web.access.ExceptionTranslationFilter@b174a73]

2022-05-14 23:58:46,308 INFO Initializing ExecutorService 'taskScheduler'

2022-05-14 23:58:46,329 INFO Exposing 2 endpoint(s) beneath base path '/actuator'

2022-05-14 23:58:46,428 INFO Tomcat started on port(s): 8848 (http) with context path '/nacos'

2022-05-14 23:58:46,433 INFO Nacos started successfully in stand alone mode. use external storage

2022-05-14 23:58:46,995 INFO Initializing Servlet 'dispatcherServlet'

2022-05-14 23:58:47,009 INFO Completed initialization in 14 ms

2022-05-14 23:59:54,379 WARN [NotifyCenter] Start destroying Publisher

2022-05-14 23:59:54,380 WARN [NotifyCenter] Destruction of the end

2022-05-14 23:59:54,380 WARN [WatchFileCenter] start close

2022-05-14 23:59:54,380 WARN [ThreadPoolManager] Start destroying ThreadPool

2022-05-14 23:59:54,380 WARN [WatchFileCenter] start to shutdown this watcher which is watch : /Users/hcj/IdeaProjects/sc-dev-1/mware/nacos/data/tps

2022-05-14 23:59:54,381 WARN [WatchFileCenter] start to shutdown this watcher which is watch : /Users/hcj/IdeaProjects/sc-dev-1/mware/nacos/conf

2022-05-14 23:59:54,383 WARN [WatchFileCenter] start to shutdown this watcher which is watch : /Users/hcj/IdeaProjects/sc-dev-1/mware/nacos/data/loader

2022-05-14 23:59:54,384 WARN [WatchFileCenter] already closed

2022-05-14 23:59:54,386 INFO Shutting down ExecutorService 'taskScheduler'

2022-05-14 23:59:54,387 INFO Shutting down ExecutorService 'applicationTaskExecutor'

2022-05-14 23:59:56,844 WARN [ThreadPoolManager] Destruction of the end

