2022-05-14 23:58:42,878 INFO Register tps control,pointName=CONFIG_PUSH_COUNT, point=com.alibaba.nacos.core.remote.control.TpsMonitorPoint@76954a33 

2022-05-14 23:58:42,879 INFO Load rule from local,pointName=CONFIG_PUSH_COUNT, ruleContent= 

2022-05-14 23:58:42,879 INFO Apply tps control rule parse start,pointName=[CONFIG_PUSH_COUNT]  

2022-05-14 23:58:42,879 INFO Clear point  control rule ,pointName=[CONFIG_PUSH_COUNT]  

2022-05-14 23:58:42,879 INFO Clear point  control rule for monitorKeys, pointName=[CONFIG_PUSH_COUNT]  

2022-05-14 23:58:42,879 INFO Register tps control,pointName=CONFIG_PUSH_SUCCESS, point=com.alibaba.nacos.core.remote.control.TpsMonitorPoint@24a298a6 

2022-05-14 23:58:42,879 INFO Load rule from local,pointName=CONFIG_PUSH_SUCCESS, ruleContent= 

2022-05-14 23:58:42,879 INFO Apply tps control rule parse start,pointName=[CONFIG_PUSH_SUCCESS]  

2022-05-14 23:58:42,879 INFO Clear point  control rule ,pointName=[CONFIG_PUSH_SUCCESS]  

2022-05-14 23:58:42,879 INFO Clear point  control rule for monitorKeys, pointName=[CONFIG_PUSH_SUCCESS]  

2022-05-14 23:58:42,879 INFO Register tps control,pointName=CONFIG_PUSH_FAIL, point=com.alibaba.nacos.core.remote.control.TpsMonitorPoint@982bb90 

2022-05-14 23:58:42,879 INFO Load rule from local,pointName=CONFIG_PUSH_FAIL, ruleContent= 

2022-05-14 23:58:42,879 INFO Apply tps control rule parse start,pointName=[CONFIG_PUSH_FAIL]  

2022-05-14 23:58:42,879 INFO Clear point  control rule ,pointName=[CONFIG_PUSH_FAIL]  

2022-05-14 23:58:42,880 INFO Clear point  control rule for monitorKeys, pointName=[CONFIG_PUSH_FAIL]  

2022-05-14 23:58:46,390 INFO Register tps control,pointName=ConfigQuery, point=com.alibaba.nacos.core.remote.control.TpsMonitorPoint@7a2b1eb4 

2022-05-14 23:58:46,391 INFO Load rule from local,pointName=ConfigQuery, ruleContent= 

2022-05-14 23:58:46,391 INFO Apply tps control rule parse start,pointName=[ConfigQuery]  

2022-05-14 23:58:46,391 INFO Clear point  control rule ,pointName=[ConfigQuery]  

2022-05-14 23:58:46,391 INFO Clear point  control rule for monitorKeys, pointName=[ConfigQuery]  

2022-05-14 23:58:46,391 INFO Register tps control,pointName=ClusterConfigChangeNotify, point=com.alibaba.nacos.core.remote.control.TpsMonitorPoint@702c436b 

2022-05-14 23:58:46,391 INFO Load rule from local,pointName=ClusterConfigChangeNotify, ruleContent= 

2022-05-14 23:58:46,391 INFO Apply tps control rule parse start,pointName=[ClusterConfigChangeNotify]  

2022-05-14 23:58:46,391 INFO Clear point  control rule ,pointName=[ClusterConfigChangeNotify]  

2022-05-14 23:58:46,391 INFO Clear point  control rule for monitorKeys, pointName=[ClusterConfigChangeNotify]  

2022-05-14 23:58:46,391 INFO Register tps control,pointName=ConfigListen, point=com.alibaba.nacos.core.remote.control.TpsMonitorPoint@5833f5cd 

2022-05-14 23:58:46,391 INFO Load rule from local,pointName=ConfigListen, ruleContent= 

2022-05-14 23:58:46,391 INFO Apply tps control rule parse start,pointName=[ConfigListen]  

2022-05-14 23:58:46,391 INFO Clear point  control rule ,pointName=[ConfigListen]  

2022-05-14 23:58:46,391 INFO Clear point  control rule for monitorKeys, pointName=[ConfigListen]  

2022-05-14 23:58:46,391 INFO Register tps control,pointName=ConfigRemove, point=com.alibaba.nacos.core.remote.control.TpsMonitorPoint@10fbbdb 

2022-05-14 23:58:46,392 INFO Load rule from local,pointName=ConfigRemove, ruleContent= 

2022-05-14 23:58:46,392 INFO Apply tps control rule parse start,pointName=[ConfigRemove]  

2022-05-14 23:58:46,392 INFO Clear point  control rule ,pointName=[ConfigRemove]  

2022-05-14 23:58:46,392 INFO Clear point  control rule for monitorKeys, pointName=[ConfigRemove]  

2022-05-14 23:58:46,392 INFO Register tps control,pointName=ConfigPublish, point=com.alibaba.nacos.core.remote.control.TpsMonitorPoint@23f3dbf0 

2022-05-14 23:58:46,392 INFO Load rule from local,pointName=ConfigPublish, ruleContent= 

2022-05-14 23:58:46,392 INFO Apply tps control rule parse start,pointName=[ConfigPublish]  

2022-05-14 23:58:46,392 INFO Clear point  control rule ,pointName=[ConfigPublish]  

2022-05-14 23:58:46,392 INFO Clear point  control rule for monitorKeys, pointName=[ConfigPublish]  

2022-05-14 23:58:46,392 INFO Register tps control,pointName=HealthCheck, point=com.alibaba.nacos.core.remote.control.TpsMonitorPoint@31d6f3fe 

2022-05-14 23:58:46,392 INFO Load rule from local,pointName=HealthCheck, ruleContent= 

2022-05-14 23:58:46,392 INFO Apply tps control rule parse start,pointName=[HealthCheck]  

2022-05-14 23:58:46,392 INFO Clear point  control rule ,pointName=[HealthCheck]  

2022-05-14 23:58:46,392 INFO Clear point  control rule for monitorKeys, pointName=[HealthCheck]  

2022-05-14 23:58:52,869 INFO Load rule from local,pointName=ConfigRemove, ruleContent= 

2022-05-14 23:58:52,870 INFO Apply tps control rule parse start,pointName=[ConfigRemove]  

2022-05-14 23:58:52,870 INFO Clear point  control rule ,pointName=[ConfigRemove]  

2022-05-14 23:58:52,870 INFO Clear point  control rule for monitorKeys, pointName=[ConfigRemove]  

2022-05-14 23:58:52,870 INFO Load rule from local,pointName=CONFIG_PUSH_FAIL, ruleContent= 

2022-05-14 23:58:52,870 INFO Apply tps control rule parse start,pointName=[CONFIG_PUSH_FAIL]  

2022-05-14 23:58:52,870 INFO Clear point  control rule ,pointName=[CONFIG_PUSH_FAIL]  

2022-05-14 23:58:52,870 INFO Clear point  control rule for monitorKeys, pointName=[CONFIG_PUSH_FAIL]  

2022-05-14 23:58:52,870 INFO Load rule from local,pointName=ClusterConfigChangeNotify, ruleContent= 

2022-05-14 23:58:52,870 INFO Apply tps control rule parse start,pointName=[ClusterConfigChangeNotify]  

2022-05-14 23:58:52,870 INFO Clear point  control rule ,pointName=[ClusterConfigChangeNotify]  

2022-05-14 23:58:52,870 INFO Clear point  control rule for monitorKeys, pointName=[ClusterConfigChangeNotify]  

2022-05-14 23:58:52,870 INFO Load rule from local,pointName=CONFIG_PUSH_SUCCESS, ruleContent= 

2022-05-14 23:58:52,870 INFO Apply tps control rule parse start,pointName=[CONFIG_PUSH_SUCCESS]  

2022-05-14 23:58:52,870 INFO Clear point  control rule ,pointName=[CONFIG_PUSH_SUCCESS]  

2022-05-14 23:58:52,870 INFO Clear point  control rule for monitorKeys, pointName=[CONFIG_PUSH_SUCCESS]  

2022-05-14 23:58:52,870 INFO Load rule from local,pointName=HealthCheck, ruleContent= 

2022-05-14 23:58:52,870 INFO Apply tps control rule parse start,pointName=[HealthCheck]  

2022-05-14 23:58:52,870 INFO Clear point  control rule ,pointName=[HealthCheck]  

2022-05-14 23:58:52,871 INFO Clear point  control rule for monitorKeys, pointName=[HealthCheck]  

2022-05-14 23:58:52,871 INFO Load rule from local,pointName=ConfigPublish, ruleContent= 

2022-05-14 23:58:52,871 INFO Apply tps control rule parse start,pointName=[ConfigPublish]  

2022-05-14 23:58:52,871 INFO Clear point  control rule ,pointName=[ConfigPublish]  

2022-05-14 23:58:52,871 INFO Clear point  control rule for monitorKeys, pointName=[ConfigPublish]  

2022-05-14 23:58:52,871 INFO Load rule from local,pointName=ConfigQuery, ruleContent= 

2022-05-14 23:58:52,871 INFO Apply tps control rule parse start,pointName=[ConfigQuery]  

2022-05-14 23:58:52,871 INFO Clear point  control rule ,pointName=[ConfigQuery]  

2022-05-14 23:58:52,871 INFO Clear point  control rule for monitorKeys, pointName=[ConfigQuery]  

2022-05-14 23:58:52,871 INFO Load rule from local,pointName=ConfigListen, ruleContent= 

2022-05-14 23:58:52,871 INFO Apply tps control rule parse start,pointName=[ConfigListen]  

2022-05-14 23:58:52,871 INFO Clear point  control rule ,pointName=[ConfigListen]  

2022-05-14 23:58:52,871 INFO Clear point  control rule for monitorKeys, pointName=[ConfigListen]  

2022-05-14 23:58:52,871 INFO Load rule from local,pointName=CONFIG_PUSH_COUNT, ruleContent= 

2022-05-14 23:58:52,871 INFO Apply tps control rule parse start,pointName=[CONFIG_PUSH_COUNT]  

2022-05-14 23:58:52,871 INFO Clear point  control rule ,pointName=[CONFIG_PUSH_COUNT]  

2022-05-14 23:58:52,871 INFO Clear point  control rule for monitorKeys, pointName=[CONFIG_PUSH_COUNT]  

